caravel_user_project/caravel/verilog/
caravel_user_project/caravel/verilog/rtl/
caravel_user_project/caravel/verilog/rtl/open_source.v
caravel_user_project/caravel/verilog/rtl/debug_regs.v
caravel_user_project/caravel/verilog/rtl/user_id_textblock.v
caravel_user_project/caravel/verilog/rtl/pads.v
caravel_user_project/caravel/verilog/rtl/caravel_motto.v
caravel_user_project/caravel/verilog/rtl/chip_io_alt.v
caravel_user_project/caravel/verilog/rtl/caravel_netlists.v
caravel_user_project/caravel/verilog/rtl/housekeeping_spi.v
caravel_user_project/caravel/verilog/rtl/caravel.v
caravel_user_project/caravel/verilog/rtl/simple_por.v
caravel_user_project/caravel/verilog/rtl/gpio_control_block.v
caravel_user_project/caravel/verilog/rtl/spare_logic_block.v
caravel_user_project/caravel/verilog/rtl/caravel_clocking.v
caravel_user_project/caravel/verilog/rtl/caravan.v
caravel_user_project/caravel/verilog/rtl/__uprj_netlists.v
caravel_user_project/caravel/verilog/rtl/mprj2_logic_high.v
caravel_user_project/caravel/verilog/rtl/gpio_defaults_block.v
caravel_user_project/caravel/verilog/rtl/constant_block.v
caravel_user_project/caravel/verilog/rtl/caravel_logo.v
caravel_user_project/caravel/verilog/rtl/mprj_logic_high.v
caravel_user_project/caravel/verilog/rtl/__user_project_la_example.v
caravel_user_project/caravel/verilog/rtl/housekeeping.v
caravel_user_project/caravel/verilog/rtl/digital_pll_controller.v
caravel_user_project/caravel/verilog/rtl/chip_io.v
caravel_user_project/caravel/verilog/rtl/__user_analog_project_wrapper.v
caravel_user_project/caravel/verilog/rtl/clock_div.v
caravel_user_project/caravel/verilog/rtl/__user_project_gpio_example.v
caravel_user_project/caravel/verilog/rtl/caravel_openframe.v
caravel_user_project/caravel/verilog/rtl/caravan_openframe.v
caravel_user_project/caravel/verilog/rtl/gpio_logic_high.v
caravel_user_project/caravel/verilog/rtl/ring_osc2x13.v
caravel_user_project/caravel/verilog/rtl/__user_project_wrapper.v
caravel_user_project/caravel/verilog/rtl/xres_buf.v
caravel_user_project/caravel/verilog/rtl/mgmt_protect_hv.v
caravel_user_project/caravel/verilog/rtl/defines.v
caravel_user_project/caravel/verilog/rtl/caravan_power_routing.v
caravel_user_project/caravel/verilog/rtl/caravan_netlists.v
caravel_user_project/caravel/verilog/rtl/caravel_power_routing.v
caravel_user_project/caravel/verilog/rtl/buff_flash_clkrst.v
caravel_user_project/caravel/verilog/rtl/mgmt_protect.v
caravel_user_project/caravel/verilog/rtl/mprj_io.v
caravel_user_project/caravel/verilog/rtl/gpio_signal_buffering.v
caravel_user_project/caravel/verilog/rtl/__uprj_analog_netlists.v
caravel_user_project/caravel/verilog/rtl/digital_pll.v
caravel_user_project/caravel/verilog/rtl/copyright_block.v
caravel_user_project/caravel/verilog/rtl/gpio_signal_buffering_alt.v
caravel_user_project/caravel/verilog/rtl/user_defines.v
caravel_user_project/caravel/verilog/rtl/user_id_programming.v
caravel_user_project/caravel/verilog/dv/
caravel_user_project/caravel/verilog/dv/cocotb/
caravel_user_project/caravel/verilog/dv/cocotb/wb_models/
caravel_user_project/caravel/verilog/dv/cocotb/wb_models/housekeepingWB/
caravel_user_project/caravel/verilog/dv/cocotb/wb_models/housekeepingWB/housekeepingWB.py
caravel_user_project/caravel/verilog/dv/cocotb/wb_models/housekeepingWB/HKmonitor.py
caravel_user_project/caravel/verilog/dv/cocotb/wb_models/housekeepingWB/HK_regs.json
caravel_user_project/caravel/verilog/dv/cocotb/wb_models/housekeepingWB/HK_scoreboard.py
caravel_user_project/caravel/verilog/dv/cocotb/wb_models/housekeepingWB/HKSPImonitor.py
caravel_user_project/caravel/verilog/dv/cocotb/wb_models/housekeepingWB/housekeepingIF.json
caravel_user_project/caravel/verilog/dv/cocotb/wb_models/housekeepingWB/HK_models.py
caravel_user_project/caravel/verilog/dv/cocotb/tests.json
caravel_user_project/caravel/verilog/dv/cocotb/interfaces/
caravel_user_project/caravel/verilog/dv/cocotb/interfaces/caravel.py
caravel_user_project/caravel/verilog/dv/cocotb/interfaces/defsParser.py
caravel_user_project/caravel/verilog/dv/cocotb/interfaces/common.py
caravel_user_project/caravel/verilog/dv/cocotb/interfaces/logic_analyzer.py
caravel_user_project/caravel/verilog/dv/cocotb/interfaces/cpu.py
caravel_user_project/caravel/verilog/dv/cocotb/caravel.py
caravel_user_project/caravel/verilog/dv/cocotb/sdf_includes.v
caravel_user_project/caravel/verilog/dv/cocotb/.gitignore
caravel_user_project/caravel/verilog/dv/cocotb/verify_cocotb.py
caravel_user_project/caravel/verilog/dv/cocotb/pli.tab
caravel_user_project/caravel/verilog/dv/cocotb/README.md
caravel_user_project/caravel/verilog/dv/cocotb/caravel_tests.py
caravel_user_project/caravel/verilog/dv/cocotb/caravel_top.sv
caravel_user_project/caravel/verilog/dv/cocotb/cpu.py
caravel_user_project/caravel/verilog/dv/cocotb/tests/
caravel_user_project/caravel/verilog/dv/cocotb/tests/logicAnalyzer/
caravel_user_project/caravel/verilog/dv/cocotb/tests/logicAnalyzer/la.c
caravel_user_project/caravel/verilog/dv/cocotb/tests/logicAnalyzer/la.py
caravel_user_project/caravel/verilog/dv/cocotb/tests/logicAnalyzer/.vscode/
caravel_user_project/caravel/verilog/dv/cocotb/tests/logicAnalyzer/.vscode/c_cpp_properties.json
caravel_user_project/caravel/verilog/dv/cocotb/tests/gpio_caravan/
caravel_user_project/caravel/verilog/dv/cocotb/tests/gpio_caravan/gpio_all_i_caravan.c
caravel_user_project/caravel/verilog/dv/cocotb/tests/gpio_caravan/gpio_user.py
caravel_user_project/caravel/verilog/dv/cocotb/tests/gpio_caravan/gpio_all_i_pd_caravan.c
caravel_user_project/caravel/verilog/dv/cocotb/tests/gpio_caravan/gpio_all_i_pu_caravan.c
caravel_user_project/caravel/verilog/dv/cocotb/tests/gpio_caravan/gpio_caravan.py
caravel_user_project/caravel/verilog/dv/cocotb/tests/gpio_caravan/gpio_all_o_caravan.c
caravel_user_project/caravel/verilog/dv/cocotb/tests/cpu/
caravel_user_project/caravel/verilog/dv/cocotb/tests/cpu/cpu_stress.c
caravel_user_project/caravel/verilog/dv/cocotb/tests/cpu/cpu_stress.py
caravel_user_project/caravel/verilog/dv/cocotb/tests/cpu/cpu_reset.py
caravel_user_project/caravel/verilog/dv/cocotb/tests/cpu/cpu_reset.c
caravel_user_project/caravel/verilog/dv/cocotb/tests/irq/
caravel_user_project/caravel/verilog/dv/cocotb/tests/irq/IRQ_external.py
caravel_user_project/caravel/verilog/dv/cocotb/tests/irq/IRQ_timer.c
caravel_user_project/caravel/verilog/dv/cocotb/tests/irq/IRQ_uart.c
caravel_user_project/caravel/verilog/dv/cocotb/tests/irq/IRQ_timer.py
caravel_user_project/caravel/verilog/dv/cocotb/tests/irq/IRQ_external.c
caravel_user_project/caravel/verilog/dv/cocotb/tests/irq/IRQ_uart.py
caravel_user_project/caravel/verilog/dv/cocotb/tests/mgmt_gpio/
caravel_user_project/caravel/verilog/dv/cocotb/tests/mgmt_gpio/mgmt_gpio_bidir.c
caravel_user_project/caravel/verilog/dv/cocotb/tests/mgmt_gpio/mgmt_gpio.py
caravel_user_project/caravel/verilog/dv/cocotb/tests/mgmt_gpio/mgmt_gpio_out.c
caravel_user_project/caravel/verilog/dv/cocotb/tests/mgmt_gpio/mgmt_gpio_in.c
caravel_user_project/caravel/verilog/dv/cocotb/tests/mem/
caravel_user_project/caravel/verilog/dv/cocotb/tests/mem/mem_dff2.c
caravel_user_project/caravel/verilog/dv/cocotb/tests/mem/mem_stress.py
caravel_user_project/caravel/verilog/dv/cocotb/tests/mem/mem_dff.c
caravel_user_project/caravel/verilog/dv/cocotb/tests/common_functions/
caravel_user_project/caravel/verilog/dv/cocotb/tests/common_functions/Timeout.py
caravel_user_project/caravel/verilog/dv/cocotb/tests/common_functions/test_functions.py
caravel_user_project/caravel/verilog/dv/cocotb/tests/housekeeping/
caravel_user_project/caravel/verilog/dv/cocotb/tests/housekeeping/housekeeping_spi/
caravel_user_project/caravel/verilog/dv/cocotb/tests/housekeeping/housekeeping_spi/spi_access_functions.py
caravel_user_project/caravel/verilog/dv/cocotb/tests/housekeeping/housekeeping_spi/user_pass_thru.py
caravel_user_project/caravel/verilog/dv/cocotb/tests/housekeeping/housekeeping_spi/spi_rd_wr_nbyte.c
caravel_user_project/caravel/verilog/dv/cocotb/tests/housekeeping/housekeeping_spi/user_pass_thru_rd.c
caravel_user_project/caravel/verilog/dv/cocotb/tests/housekeeping/housekeeping_spi/test_data
caravel_user_project/caravel/verilog/dv/cocotb/tests/housekeeping/housekeeping_spi/spi.py
caravel_user_project/caravel/verilog/dv/cocotb/tests/housekeeping/housekeeping_regs/
caravel_user_project/caravel/verilog/dv/cocotb/tests/housekeeping/housekeeping_regs/hk_regs_wr_wb_cpu.c
caravel_user_project/caravel/verilog/dv/cocotb/tests/housekeeping/housekeeping_regs/hk_regs_rst_spi.c
caravel_user_project/caravel/verilog/dv/cocotb/tests/housekeeping/housekeeping_regs/hk_regs_wr_spi.c
caravel_user_project/caravel/verilog/dv/cocotb/tests/housekeeping/housekeeping_regs/housekeeping_regs_tests.py
caravel_user_project/caravel/verilog/dv/cocotb/tests/housekeeping/housekeeping_regs/hk_regs_wr_wb.c
caravel_user_project/caravel/verilog/dv/cocotb/tests/housekeeping/general/
caravel_user_project/caravel/verilog/dv/cocotb/tests/housekeeping/general/hk_disable.c
caravel_user_project/caravel/verilog/dv/cocotb/tests/housekeeping/general/pll.c
caravel_user_project/caravel/verilog/dv/cocotb/tests/housekeeping/general/clock_redirect.c
caravel_user_project/caravel/verilog/dv/cocotb/tests/housekeeping/general/sys_ctrl.py
caravel_user_project/caravel/verilog/dv/cocotb/tests/housekeeping/general/pll.py
caravel_user_project/caravel/verilog/dv/cocotb/tests/timer/
caravel_user_project/caravel/verilog/dv/cocotb/tests/timer/timer0_periodic.c
caravel_user_project/caravel/verilog/dv/cocotb/tests/timer/timer0_oneshot.c
caravel_user_project/caravel/verilog/dv/cocotb/tests/timer/timer.py
caravel_user_project/caravel/verilog/dv/cocotb/tests/hello_world/
caravel_user_project/caravel/verilog/dv/cocotb/tests/hello_world/helloWorld.py
caravel_user_project/caravel/verilog/dv/cocotb/tests/hello_world/helloWorld.c
caravel_user_project/caravel/verilog/dv/cocotb/tests/bitbang/
caravel_user_project/caravel/verilog/dv/cocotb/tests/bitbang/bitbang_no_cpu.c
caravel_user_project/caravel/verilog/dv/cocotb/tests/bitbang/bitbang_no_cpu_all_o.c
caravel_user_project/caravel/verilog/dv/cocotb/tests/bitbang/bitbang_functions.c
caravel_user_project/caravel/verilog/dv/cocotb/tests/bitbang/bitbang_spi_o.c
caravel_user_project/caravel/verilog/dv/cocotb/tests/bitbang/bitbang_cpu_all_01.c
caravel_user_project/caravel/verilog/dv/cocotb/tests/bitbang/bitbang_tests_cpu.py
caravel_user_project/caravel/verilog/dv/cocotb/tests/bitbang/bitbang_functions.py
caravel_user_project/caravel/verilog/dv/cocotb/tests/bitbang/bitbang_spi_i.c
caravel_user_project/caravel/verilog/dv/cocotb/tests/bitbang/bitbang_cpu_all_10.c
caravel_user_project/caravel/verilog/dv/cocotb/tests/bitbang/bitbang_no_cpu_all_i.c
caravel_user_project/caravel/verilog/dv/cocotb/tests/bitbang/bitbang_tests.py
caravel_user_project/caravel/verilog/dv/cocotb/tests/bitbang/bitbang_cpu_all_i.c
caravel_user_project/caravel/verilog/dv/cocotb/tests/bitbang/bitbang_cpu_all_1100.c
caravel_user_project/caravel/verilog/dv/cocotb/tests/bitbang/bitbang_cpu_all_o.c
caravel_user_project/caravel/verilog/dv/cocotb/tests/bitbang/bitbang_cpu_all_0011.c
caravel_user_project/caravel/verilog/dv/cocotb/tests/spi_master/
caravel_user_project/caravel/verilog/dv/cocotb/tests/spi_master/spi_master.py
caravel_user_project/caravel/verilog/dv/cocotb/tests/spi_master/spi_master_temp.c
caravel_user_project/caravel/verilog/dv/cocotb/tests/spi_master/spi_master_rd.c
caravel_user_project/caravel/verilog/dv/cocotb/tests/spi_master/test_data
caravel_user_project/caravel/verilog/dv/cocotb/tests/spi_master/SPI_VIP.py
caravel_user_project/caravel/verilog/dv/cocotb/tests/sessions/
caravel_user_project/caravel/verilog/dv/cocotb/tests/sessions/session.bitbang_spi_i.vpd.tcl/
caravel_user_project/caravel/verilog/dv/cocotb/tests/sessions/session.bitbang_spi_i.vpd.tcl/session.bitbang_spi_i.vpd.tcl
caravel_user_project/caravel/verilog/dv/cocotb/tests/temp_partial_test/
caravel_user_project/caravel/verilog/dv/cocotb/tests/temp_partial_test/partial.py
caravel_user_project/caravel/verilog/dv/cocotb/tests/uart/
caravel_user_project/caravel/verilog/dv/cocotb/tests/uart/uart_tx.c
caravel_user_project/caravel/verilog/dv/cocotb/tests/uart/uart_loopback.c
caravel_user_project/caravel/verilog/dv/cocotb/tests/uart/uart_rx.c
caravel_user_project/caravel/verilog/dv/cocotb/tests/uart/uart.py
caravel_user_project/caravel/verilog/dv/cocotb/tests/debug/
caravel_user_project/caravel/verilog/dv/cocotb/tests/debug/debug.c
caravel_user_project/caravel/verilog/dv/cocotb/tests/debug/debug.py
caravel_user_project/caravel/verilog/dv/cocotb/tests/gpio/
caravel_user_project/caravel/verilog/dv/cocotb/tests/gpio/gpio_all_bidir.c
caravel_user_project/caravel/verilog/dv/cocotb/tests/gpio/gpio_all_i_user.c
caravel_user_project/caravel/verilog/dv/cocotb/tests/gpio/gpio_all_i.c
caravel_user_project/caravel/verilog/dv/cocotb/tests/gpio/gpio.py
caravel_user_project/caravel/verilog/dv/cocotb/tests/gpio/gpio_user.py
caravel_user_project/caravel/verilog/dv/cocotb/tests/gpio/gpio_all_o_user.c
caravel_user_project/caravel/verilog/dv/cocotb/tests/gpio/gpio_all_o.c
caravel_user_project/caravel/verilog/dv/cocotb/tests/gpio/gpio_all_i_pu.c
caravel_user_project/caravel/verilog/dv/cocotb/tests/gpio/gpio_all_i_pd.c
caravel_user_project/caravel/verilog/dv/cocotb/tests/gpio/gpio_all_i_pd_user.c
caravel_user_project/caravel/verilog/dv/cocotb/tests/gpio/gpio_all_bidir_user.c
caravel_user_project/caravel/verilog/dv/cocotb/tests/gpio/gpio_all_i_pu_user.c
caravel_user_project/caravel/verilog/dv/cocotb/doc/
caravel_user_project/caravel/verilog/dv/cocotb/doc/README.md
caravel_user_project/caravel/verilog/dv/cocotb/doc/commands_example/
caravel_user_project/caravel/verilog/dv/cocotb/doc/commands_example/README.md
caravel_user_project/caravel/verilog/dv/cocotb/doc/CTN.png
caravel_user_project/caravel/verilog/dv/cocotb/doc/tests/
caravel_user_project/caravel/verilog/dv/cocotb/doc/tests/update_tests.py
caravel_user_project/caravel/verilog/dv/cocotb/doc/tests/README.md
caravel_user_project/caravel/verilog/dv/wb_utests/
caravel_user_project/caravel/verilog/dv/wb_utests/Makefile
caravel_user_project/caravel/verilog/dv/wb_utests/chip_io/
caravel_user_project/caravel/verilog/dv/wb_utests/chip_io/Makefile
caravel_user_project/caravel/verilog/dv/wb_utests/chip_io/ports.v
caravel_user_project/caravel/verilog/dv/wb_utests/chip_io/chip_io_tb.v
caravel_user_project/caravel/verilog/dv/wb_utests/chip_io/chip_io_split.v
caravel_user_project/caravel/verilog/dv/wb_utests/mprj_ctrl/
caravel_user_project/caravel/verilog/dv/wb_utests/mprj_ctrl/Makefile
caravel_user_project/caravel/verilog/dv/wb_utests/mprj_ctrl/mprj_ctrl_tb.v
caravel_user_project/caravel/verilog/dv/wb_utests/sysctrl_wb/
caravel_user_project/caravel/verilog/dv/wb_utests/sysctrl_wb/Makefile
caravel_user_project/caravel/verilog/dv/wb_utests/sysctrl_wb/sysctrl_wb_tb.v
caravel_user_project/caravel/verilog/dv/wb_utests/mgmt_protect/
caravel_user_project/caravel/verilog/dv/wb_utests/mgmt_protect/Makefile
caravel_user_project/caravel/verilog/dv/wb_utests/mgmt_protect/mgmt_protect_tb.v
caravel_user_project/caravel/verilog/dv/dummy_slave.v
caravel_user_project/caravel/verilog/dv/README.md
caravel_user_project/caravel/verilog/dv/caravel/
caravel_user_project/caravel/verilog/dv/caravel/tbuart.v
caravel_user_project/caravel/verilog/dv/caravel/spiflash.v
caravel_user_project/caravel/verilog/dv/caravel/defs.h
caravel_user_project/caravel/verilog/dv/caravel/start.s
caravel_user_project/caravel/verilog/dv/caravel/sections.lds
caravel_user_project/caravel/verilog/dv/caravel/mgmt_soc/
caravel_user_project/caravel/verilog/dv/caravel/mgmt_soc/Makefile
caravel_user_project/caravel/verilog/dv/caravel/mgmt_soc/sysctrl/
caravel_user_project/caravel/verilog/dv/caravel/mgmt_soc/sysctrl/Makefile
caravel_user_project/caravel/verilog/dv/caravel/mgmt_soc/sysctrl/sysctrl.c
caravel_user_project/caravel/verilog/dv/caravel/mgmt_soc/sysctrl/sysctrl_tb.v
caravel_user_project/caravel/verilog/dv/caravel/mgmt_soc/irq/
caravel_user_project/caravel/verilog/dv/caravel/mgmt_soc/irq/Makefile
caravel_user_project/caravel/verilog/dv/caravel/mgmt_soc/irq/irq.c
caravel_user_project/caravel/verilog/dv/caravel/mgmt_soc/irq/custom_ops.S
caravel_user_project/caravel/verilog/dv/caravel/mgmt_soc/irq/irq_tb.v
caravel_user_project/caravel/verilog/dv/caravel/mgmt_soc/irq/start.S
caravel_user_project/caravel/verilog/dv/caravel/mgmt_soc/irq/sections.lds
caravel_user_project/caravel/verilog/dv/caravel/mgmt_soc/irq/README
caravel_user_project/caravel/verilog/dv/caravel/mgmt_soc/user_pass_thru/
caravel_user_project/caravel/verilog/dv/caravel/mgmt_soc/user_pass_thru/Makefile
caravel_user_project/caravel/verilog/dv/caravel/mgmt_soc/user_pass_thru/user_pass_thru_tb.v
caravel_user_project/caravel/verilog/dv/caravel/mgmt_soc/user_pass_thru/user_pass_thru.c
caravel_user_project/caravel/verilog/dv/caravel/mgmt_soc/user_pass_thru/README
caravel_user_project/caravel/verilog/dv/caravel/mgmt_soc/gpio_mgmt/
caravel_user_project/caravel/verilog/dv/caravel/mgmt_soc/gpio_mgmt/Makefile
caravel_user_project/caravel/verilog/dv/caravel/mgmt_soc/gpio_mgmt/gpio_mgmt.c
caravel_user_project/caravel/verilog/dv/caravel/mgmt_soc/gpio_mgmt/gpio_mgmt_tb.v
caravel_user_project/caravel/verilog/dv/caravel/mgmt_soc/sram_ro/
caravel_user_project/caravel/verilog/dv/caravel/mgmt_soc/sram_ro/Makefile
caravel_user_project/caravel/verilog/dv/caravel/mgmt_soc/sram_ro/sram_ro.c
caravel_user_project/caravel/verilog/dv/caravel/mgmt_soc/sram_ro/sram_ro_tb.v
caravel_user_project/caravel/verilog/dv/caravel/mgmt_soc/mem/
caravel_user_project/caravel/verilog/dv/caravel/mgmt_soc/mem/Makefile
caravel_user_project/caravel/verilog/dv/caravel/mgmt_soc/mem/mem_tb.v
caravel_user_project/caravel/verilog/dv/caravel/mgmt_soc/mem/mem.c
caravel_user_project/caravel/verilog/dv/caravel/mgmt_soc/storage/
caravel_user_project/caravel/verilog/dv/caravel/mgmt_soc/storage/Makefile
caravel_user_project/caravel/verilog/dv/caravel/mgmt_soc/storage/storage.c
caravel_user_project/caravel/verilog/dv/caravel/mgmt_soc/storage/storage_tb.v
caravel_user_project/caravel/verilog/dv/caravel/mgmt_soc/caravan/
caravel_user_project/caravel/verilog/dv/caravel/mgmt_soc/caravan/Makefile
caravel_user_project/caravel/verilog/dv/caravel/mgmt_soc/caravan/caravan_tb.v
caravel_user_project/caravel/verilog/dv/caravel/mgmt_soc/caravan/caravan.c
caravel_user_project/caravel/verilog/dv/caravel/mgmt_soc/caravan/README
caravel_user_project/caravel/verilog/dv/caravel/mgmt_soc/sram_exec/
caravel_user_project/caravel/verilog/dv/caravel/mgmt_soc/sram_exec/Makefile
caravel_user_project/caravel/verilog/dv/caravel/mgmt_soc/sram_exec/sram_exec.c
caravel_user_project/caravel/verilog/dv/caravel/mgmt_soc/sram_exec/sram_exec_tb.v
caravel_user_project/caravel/verilog/dv/caravel/mgmt_soc/sram_exec/README
caravel_user_project/caravel/verilog/dv/caravel/mgmt_soc/timer/
caravel_user_project/caravel/verilog/dv/caravel/mgmt_soc/timer/Makefile
caravel_user_project/caravel/verilog/dv/caravel/mgmt_soc/timer/timer_tb.v
caravel_user_project/caravel/verilog/dv/caravel/mgmt_soc/timer/timer.c
caravel_user_project/caravel/verilog/dv/caravel/mgmt_soc/pll/
caravel_user_project/caravel/verilog/dv/caravel/mgmt_soc/pll/Makefile
caravel_user_project/caravel/verilog/dv/caravel/mgmt_soc/pll/pll.c
caravel_user_project/caravel/verilog/dv/caravel/mgmt_soc/pll/pll_tb.v
caravel_user_project/caravel/verilog/dv/caravel/mgmt_soc/qspi/
caravel_user_project/caravel/verilog/dv/caravel/mgmt_soc/qspi/Makefile
caravel_user_project/caravel/verilog/dv/caravel/mgmt_soc/qspi/qspi_tb.v
caravel_user_project/caravel/verilog/dv/caravel/mgmt_soc/qspi/qspi.c
caravel_user_project/caravel/verilog/dv/caravel/mgmt_soc/qspi/README
caravel_user_project/caravel/verilog/dv/caravel/mgmt_soc/spi_master/
caravel_user_project/caravel/verilog/dv/caravel/mgmt_soc/spi_master/Makefile
caravel_user_project/caravel/verilog/dv/caravel/mgmt_soc/spi_master/spi_master.c
caravel_user_project/caravel/verilog/dv/caravel/mgmt_soc/spi_master/spi_master_tb.v
caravel_user_project/caravel/verilog/dv/caravel/mgmt_soc/hkspi/
caravel_user_project/caravel/verilog/dv/caravel/mgmt_soc/hkspi/Makefile
caravel_user_project/caravel/verilog/dv/caravel/mgmt_soc/hkspi/hkspi.c
caravel_user_project/caravel/verilog/dv/caravel/mgmt_soc/hkspi/hkspi_tb.v
caravel_user_project/caravel/verilog/dv/caravel/mgmt_soc/uart/
caravel_user_project/caravel/verilog/dv/caravel/mgmt_soc/uart/Makefile
caravel_user_project/caravel/verilog/dv/caravel/mgmt_soc/uart/uart_tb.v
caravel_user_project/caravel/verilog/dv/caravel/mgmt_soc/uart/uart.c
caravel_user_project/caravel/verilog/dv/caravel/mgmt_soc/timer2/
caravel_user_project/caravel/verilog/dv/caravel/mgmt_soc/timer2/Makefile
caravel_user_project/caravel/verilog/dv/caravel/mgmt_soc/timer2/timer2.c
caravel_user_project/caravel/verilog/dv/caravel/mgmt_soc/timer2/timer2_tb.v
caravel_user_project/caravel/verilog/dv/caravel/mgmt_soc/mprj_bitbang/
caravel_user_project/caravel/verilog/dv/caravel/mgmt_soc/mprj_bitbang/Makefile
caravel_user_project/caravel/verilog/dv/caravel/mgmt_soc/mprj_bitbang/mprj_bitbang_tb.v
caravel_user_project/caravel/verilog/dv/caravel/mgmt_soc/mprj_bitbang/mprj_bitbang.c
caravel_user_project/caravel/verilog/dv/caravel/mgmt_soc/pass_thru/
caravel_user_project/caravel/verilog/dv/caravel/mgmt_soc/pass_thru/Makefile
caravel_user_project/caravel/verilog/dv/caravel/mgmt_soc/pass_thru/pass_thru.c
caravel_user_project/caravel/verilog/dv/caravel/mgmt_soc/pass_thru/pass_thru_tb.v
caravel_user_project/caravel/verilog/dv/caravel/mgmt_soc/perf/
caravel_user_project/caravel/verilog/dv/caravel/mgmt_soc/perf/Makefile
caravel_user_project/caravel/verilog/dv/caravel/mgmt_soc/perf/perf.c
caravel_user_project/caravel/verilog/dv/caravel/mgmt_soc/perf/perf_tb.v
caravel_user_project/caravel/verilog/dv/caravel/mgmt_soc/hkspi_power/
caravel_user_project/caravel/verilog/dv/caravel/mgmt_soc/hkspi_power/Makefile
caravel_user_project/caravel/verilog/dv/caravel/mgmt_soc/hkspi_power/hkspi_power.c
caravel_user_project/caravel/verilog/dv/caravel/mgmt_soc/hkspi_power/hkspi_power_tb.v
caravel_user_project/caravel/verilog/dv/caravel/mgmt_soc/mprj_ctrl/
caravel_user_project/caravel/verilog/dv/caravel/mgmt_soc/mprj_ctrl/Makefile
caravel_user_project/caravel/verilog/dv/caravel/mgmt_soc/mprj_ctrl/mprj_ctrl_tb.v
caravel_user_project/caravel/verilog/dv/caravel/mgmt_soc/mprj_ctrl/mprj_ctrl.c
caravel_user_project/caravel/verilog/dv/caravel/mgmt_soc/gpio/
caravel_user_project/caravel/verilog/dv/caravel/mgmt_soc/gpio/Makefile
caravel_user_project/caravel/verilog/dv/caravel/mgmt_soc/gpio/gpio.c
caravel_user_project/caravel/verilog/dv/caravel/mgmt_soc/gpio/gpio_tb.v
caravel_user_project/caravel/verilog/dv/caravel/mgmt_soc/gpio/README
caravel_user_project/caravel/verilog/dv/caravel/stub.c
caravel_user_project/caravel/verilog/gl/
caravel_user_project/caravel/verilog/gl/chip_io_alt.v
caravel_user_project/caravel/verilog/gl/caravel.v
caravel_user_project/caravel/verilog/gl/gpio_control_block.v
caravel_user_project/caravel/verilog/gl/spare_logic_block.v
caravel_user_project/caravel/verilog/gl/caravel_clocking.v
caravel_user_project/caravel/verilog/gl/caravan.v
caravel_user_project/caravel/verilog/gl/mprj2_logic_high.v
caravel_user_project/caravel/verilog/gl/gpio_defaults_block.v
caravel_user_project/caravel/verilog/gl/constant_block.v
caravel_user_project/caravel/verilog/gl/mprj_logic_high.v
caravel_user_project/caravel/verilog/gl/gpio_defaults_block_0801.v
caravel_user_project/caravel/verilog/gl/housekeeping.v
caravel_user_project/caravel/verilog/gl/chip_io.v
caravel_user_project/caravel/verilog/gl/gpio_defaults_block_1803.v
caravel_user_project/caravel/verilog/gl/caravel-signoff.v
caravel_user_project/caravel/verilog/gl/__user_analog_project_wrapper.v
caravel_user_project/caravel/verilog/gl/gpio_logic_high.v
caravel_user_project/caravel/verilog/gl/__user_project_wrapper.v
caravel_user_project/caravel/verilog/gl/xres_buf.v
caravel_user_project/caravel/verilog/gl/caravan-signoff.v
caravel_user_project/caravel/verilog/gl/mgmt_protect_hv.v
caravel_user_project/caravel/verilog/gl/buff_flash_clkrst.v
caravel_user_project/caravel/verilog/gl/mgmt_protect.v
caravel_user_project/caravel/verilog/gl/gpio_signal_buffering.v
caravel_user_project/caravel/verilog/gl/digital_pll.v
caravel_user_project/caravel/verilog/gl/gpio_defaults_block_0403.v
caravel_user_project/caravel/verilog/gl/gpio_signal_buffering_alt.v
caravel_user_project/caravel/verilog/gl/user_id_programming.v
caravel_user_project/caravel/verilog/stubs/
caravel_user_project/caravel/verilog/stubs/sky130_fd_sc_hd__tapvpwrvgnd_1.v
