caravel_user_project/mgmt_core_wrapper/verilog/
caravel_user_project/mgmt_core_wrapper/verilog/rtl/
caravel_user_project/mgmt_core_wrapper/verilog/rtl/mgmt_core.v
caravel_user_project/mgmt_core_wrapper/verilog/rtl/ibex/
caravel_user_project/mgmt_core_wrapper/verilog/rtl/ibex/sv-source-orig/
caravel_user_project/mgmt_core_wrapper/verilog/rtl/ibex/sv-source-orig/ibex_multdiv_fast.sv
caravel_user_project/mgmt_core_wrapper/verilog/rtl/ibex/sv-source-orig/ibex_register_file_latch.sv
caravel_user_project/mgmt_core_wrapper/verilog/rtl/ibex/sv-source-orig/syn_yosys.sh
caravel_user_project/mgmt_core_wrapper/verilog/rtl/ibex/sv-source-orig/ibex_tracer.sv
caravel_user_project/mgmt_core_wrapper/verilog/rtl/ibex/sv-source-orig/ibex_counter.sv
caravel_user_project/mgmt_core_wrapper/verilog/rtl/ibex/sv-source-orig/syn_setup.sh
caravel_user_project/mgmt_core_wrapper/verilog/rtl/ibex/sv-source-orig/ibex_core.sv
caravel_user_project/mgmt_core_wrapper/verilog/rtl/ibex/sv-source-orig/ibex_fetch_fifo.sv
caravel_user_project/mgmt_core_wrapper/verilog/rtl/ibex/sv-source-orig/ibex_top_tracing.sv
caravel_user_project/mgmt_core_wrapper/verilog/rtl/ibex/sv-source-orig/ibex_register_file_ff.sv
caravel_user_project/mgmt_core_wrapper/verilog/rtl/ibex/sv-source-orig/ibex_icache.sv
caravel_user_project/mgmt_core_wrapper/verilog/rtl/ibex/sv-source-orig/ibex_load_store_unit.sv
caravel_user_project/mgmt_core_wrapper/verilog/rtl/ibex/sv-source-orig/ibex_csr.sv
caravel_user_project/mgmt_core_wrapper/verilog/rtl/ibex/sv-source-orig/ibex_top.sv
caravel_user_project/mgmt_core_wrapper/verilog/rtl/ibex/sv-source-orig/ibex/
caravel_user_project/mgmt_core_wrapper/verilog/rtl/ibex/sv-source-orig/ibex/generated/
caravel_user_project/mgmt_core_wrapper/verilog/rtl/ibex/sv-source-orig/ibex/generated/ibex_multdiv_slow.v
caravel_user_project/mgmt_core_wrapper/verilog/rtl/ibex/sv-source-orig/ibex/generated/ibex_csr.v
caravel_user_project/mgmt_core_wrapper/verilog/rtl/ibex/sv-source-orig/ibex/generated/ibex_fetch_fifo.v
caravel_user_project/mgmt_core_wrapper/verilog/rtl/ibex/sv-source-orig/ibex/generated/ibex_prefetch_buffer.v
caravel_user_project/mgmt_core_wrapper/verilog/rtl/ibex/sv-source-orig/ibex/generated/ibex_branch_predict.v
caravel_user_project/mgmt_core_wrapper/verilog/rtl/ibex/sv-source-orig/ibex/generated/ibex_tracer.v
caravel_user_project/mgmt_core_wrapper/verilog/rtl/ibex/sv-source-orig/ibex/generated/ibex_alu.v
caravel_user_project/mgmt_core_wrapper/verilog/rtl/ibex/sv-source-orig/ibex/generated/ibex_pmp.v
caravel_user_project/mgmt_core_wrapper/verilog/rtl/ibex/sv-source-orig/ibex/generated/ibex_decoder.v
caravel_user_project/mgmt_core_wrapper/verilog/rtl/ibex/sv-source-orig/ibex/generated/ibex_register_file_latch.v
caravel_user_project/mgmt_core_wrapper/verilog/rtl/ibex/sv-source-orig/ibex/generated/ibex_wb_stage.v
caravel_user_project/mgmt_core_wrapper/verilog/rtl/ibex/sv-source-orig/ibex/generated/ibex_multdiv_fast.v
caravel_user_project/mgmt_core_wrapper/verilog/rtl/ibex/sv-source-orig/ibex/generated/ibex_core.v
caravel_user_project/mgmt_core_wrapper/verilog/rtl/ibex/sv-source-orig/ibex/generated/ibex_register_file_fpga.v
caravel_user_project/mgmt_core_wrapper/verilog/rtl/ibex/sv-source-orig/ibex/generated/ibex_dummy_instr.v
caravel_user_project/mgmt_core_wrapper/verilog/rtl/ibex/sv-source-orig/ibex/generated/ibex_top_tracing.v
caravel_user_project/mgmt_core_wrapper/verilog/rtl/ibex/sv-source-orig/ibex/generated/ibex_cs_registers.v
caravel_user_project/mgmt_core_wrapper/verilog/rtl/ibex/sv-source-orig/ibex/generated/ibex_ex_block.v
caravel_user_project/mgmt_core_wrapper/verilog/rtl/ibex/sv-source-orig/ibex/generated/ibex_controller.v
caravel_user_project/mgmt_core_wrapper/verilog/rtl/ibex/sv-source-orig/ibex/generated/ibex_icache.v
caravel_user_project/mgmt_core_wrapper/verilog/rtl/ibex/sv-source-orig/ibex/generated/ibex_id_stage.v
caravel_user_project/mgmt_core_wrapper/verilog/rtl/ibex/sv-source-orig/ibex/generated/ibex_top.v
caravel_user_project/mgmt_core_wrapper/verilog/rtl/ibex/sv-source-orig/ibex/generated/ibex_lockstep.v
caravel_user_project/mgmt_core_wrapper/verilog/rtl/ibex/sv-source-orig/ibex/generated/ibex_compressed_decoder.v
caravel_user_project/mgmt_core_wrapper/verilog/rtl/ibex/sv-source-orig/ibex/generated/ibex_load_store_unit.v
caravel_user_project/mgmt_core_wrapper/verilog/rtl/ibex/sv-source-orig/ibex/generated/ibex_if_stage.v
caravel_user_project/mgmt_core_wrapper/verilog/rtl/ibex/sv-source-orig/ibex/generated/ibex_register_file_ff.v
caravel_user_project/mgmt_core_wrapper/verilog/rtl/ibex/sv-source-orig/ibex/generated/ibex_counter.v
caravel_user_project/mgmt_core_wrapper/verilog/rtl/ibex/sv-source-orig/ibex_pmp.sv
caravel_user_project/mgmt_core_wrapper/verilog/rtl/ibex/sv-source-orig/ibex_dummy_instr.sv
caravel_user_project/mgmt_core_wrapper/verilog/rtl/ibex/sv-source-orig/ibex_cs_registers.sv
caravel_user_project/mgmt_core_wrapper/verilog/rtl/ibex/sv-source-orig/sv2v
caravel_user_project/mgmt_core_wrapper/verilog/rtl/ibex/sv-source-orig/ibex_register_file_fpga.sv
caravel_user_project/mgmt_core_wrapper/verilog/rtl/ibex/sv-source-orig/ibex_wb_stage.sv
caravel_user_project/mgmt_core_wrapper/verilog/rtl/ibex/sv-source-orig/ibex_if_stage.sv
caravel_user_project/mgmt_core_wrapper/verilog/rtl/ibex/sv-source-orig/ibex_ex_block.sv
caravel_user_project/mgmt_core_wrapper/verilog/rtl/ibex/sv-source-orig/ibex_alu.sv
caravel_user_project/mgmt_core_wrapper/verilog/rtl/ibex/sv-source-orig/ibex_multdiv_slow.sv
caravel_user_project/mgmt_core_wrapper/verilog/rtl/ibex/sv-source-orig/ibex_compressed_decoder.sv
caravel_user_project/mgmt_core_wrapper/verilog/rtl/ibex/sv-source-orig/ibex_lockstep.sv
caravel_user_project/mgmt_core_wrapper/verilog/rtl/ibex/sv-source-orig/ibex_tracer_pkg.sv
caravel_user_project/mgmt_core_wrapper/verilog/rtl/ibex/sv-source-orig/ibex_pkg.sv
caravel_user_project/mgmt_core_wrapper/verilog/rtl/ibex/sv-source-orig/ibex_core.f
caravel_user_project/mgmt_core_wrapper/verilog/rtl/ibex/sv-source-orig/ibex_decoder.sv
caravel_user_project/mgmt_core_wrapper/verilog/rtl/ibex/sv-source-orig/ibex_id_stage.sv
caravel_user_project/mgmt_core_wrapper/verilog/rtl/ibex/sv-source-orig/ibex_branch_predict.sv
caravel_user_project/mgmt_core_wrapper/verilog/rtl/ibex/sv-source-orig/ibex_controller.sv
caravel_user_project/mgmt_core_wrapper/verilog/rtl/ibex/sv-source-orig/ibex_prefetch_buffer.sv
caravel_user_project/mgmt_core_wrapper/verilog/rtl/ibex/ibex_multdiv_slow.v
caravel_user_project/mgmt_core_wrapper/verilog/rtl/ibex/ibex_csr.v
caravel_user_project/mgmt_core_wrapper/verilog/rtl/ibex/ibex_fetch_fifo.v
caravel_user_project/mgmt_core_wrapper/verilog/rtl/ibex/ibex_prefetch_buffer.v
caravel_user_project/mgmt_core_wrapper/verilog/rtl/ibex/ibex_branch_predict.v
caravel_user_project/mgmt_core_wrapper/verilog/rtl/ibex/ibex_alu.v
caravel_user_project/mgmt_core_wrapper/verilog/rtl/ibex/ibex_pmp.v
caravel_user_project/mgmt_core_wrapper/verilog/rtl/ibex/prim_clock_gating.v
caravel_user_project/mgmt_core_wrapper/verilog/rtl/ibex/ibex_decoder.v
caravel_user_project/mgmt_core_wrapper/verilog/rtl/ibex/ibex_register_file_latch.v
caravel_user_project/mgmt_core_wrapper/verilog/rtl/ibex/ibex_wb_stage.v
caravel_user_project/mgmt_core_wrapper/verilog/rtl/ibex/ibex_multdiv_fast.v
caravel_user_project/mgmt_core_wrapper/verilog/rtl/ibex/ibex_core.v
caravel_user_project/mgmt_core_wrapper/verilog/rtl/ibex/ibex_register_file_fpga.v
caravel_user_project/mgmt_core_wrapper/verilog/rtl/ibex/ibex_dummy_instr.v
caravel_user_project/mgmt_core_wrapper/verilog/rtl/ibex/ibex_cs_registers.v
caravel_user_project/mgmt_core_wrapper/verilog/rtl/ibex/ibex_ex_block.v
caravel_user_project/mgmt_core_wrapper/verilog/rtl/ibex/models/
caravel_user_project/mgmt_core_wrapper/verilog/rtl/ibex/models/ibex_tracer.v
caravel_user_project/mgmt_core_wrapper/verilog/rtl/ibex/models/ibex_core_tracing.v
caravel_user_project/mgmt_core_wrapper/verilog/rtl/ibex/ibex_controller.v
caravel_user_project/mgmt_core_wrapper/verilog/rtl/ibex/ibex_icache.v
caravel_user_project/mgmt_core_wrapper/verilog/rtl/ibex/ibex_id_stage.v
caravel_user_project/mgmt_core_wrapper/verilog/rtl/ibex/ibex_top.v
caravel_user_project/mgmt_core_wrapper/verilog/rtl/ibex/ibex_lockstep.v
caravel_user_project/mgmt_core_wrapper/verilog/rtl/ibex/ibex_compressed_decoder.v
caravel_user_project/mgmt_core_wrapper/verilog/rtl/ibex/ibex_load_store_unit.v
caravel_user_project/mgmt_core_wrapper/verilog/rtl/ibex/ibex_if_stage.v
caravel_user_project/mgmt_core_wrapper/verilog/rtl/ibex/ibex_register_file_ff.v
caravel_user_project/mgmt_core_wrapper/verilog/rtl/ibex/ibex_counter.v
caravel_user_project/mgmt_core_wrapper/verilog/rtl/VexRiscv_MinDebugCache.v
caravel_user_project/mgmt_core_wrapper/verilog/rtl/VexRiscv_LiteDebug.v
caravel_user_project/mgmt_core_wrapper/verilog/rtl/mgmt_core_wrapper.v
caravel_user_project/mgmt_core_wrapper/verilog/rtl/RAM128.v
caravel_user_project/mgmt_core_wrapper/verilog/rtl/defines.v
caravel_user_project/mgmt_core_wrapper/verilog/rtl/VexRiscv_MinDebug.v
caravel_user_project/mgmt_core_wrapper/verilog/rtl/mgmt_core.w_rst_init_modification.v
caravel_user_project/mgmt_core_wrapper/verilog/rtl/picorv32.v
caravel_user_project/mgmt_core_wrapper/verilog/rtl/ibex_all.v
caravel_user_project/mgmt_core_wrapper/verilog/dv/
caravel_user_project/mgmt_core_wrapper/verilog/dv/firmware/
caravel_user_project/mgmt_core_wrapper/verilog/dv/firmware/extraops.S
caravel_user_project/mgmt_core_wrapper/verilog/dv/firmware/csr-defs.h
caravel_user_project/mgmt_core_wrapper/verilog/dv/firmware/simple_system_common.h
caravel_user_project/mgmt_core_wrapper/verilog/dv/firmware/system.h
caravel_user_project/mgmt_core_wrapper/verilog/dv/firmware/isr.c
caravel_user_project/mgmt_core_wrapper/verilog/dv/firmware/link_ibex.ld
caravel_user_project/mgmt_core_wrapper/verilog/dv/firmware/crt0_vex.S
caravel_user_project/mgmt_core_wrapper/verilog/dv/firmware/crt0_ibex.S
caravel_user_project/mgmt_core_wrapper/verilog/dv/firmware/irq.h
caravel_user_project/mgmt_core_wrapper/verilog/dv/firmware/cpu_type.mak
caravel_user_project/mgmt_core_wrapper/verilog/dv/firmware/linker_vex.ld
caravel_user_project/mgmt_core_wrapper/verilog/dv/firmware/defs.h
caravel_user_project/mgmt_core_wrapper/verilog/dv/firmware/sections_vexriscv.lds
caravel_user_project/mgmt_core_wrapper/verilog/dv/firmware/start.S
caravel_user_project/mgmt_core_wrapper/verilog/dv/firmware/start_caravel_ibex.s
caravel_user_project/mgmt_core_wrapper/verilog/dv/firmware/uart.h
caravel_user_project/mgmt_core_wrapper/verilog/dv/firmware/simple_system_regs.h
caravel_user_project/mgmt_core_wrapper/verilog/dv/firmware/sections.lds
caravel_user_project/mgmt_core_wrapper/verilog/dv/firmware/simple_system_common.c
caravel_user_project/mgmt_core_wrapper/verilog/dv/firmware/caravel.h
caravel_user_project/mgmt_core_wrapper/verilog/dv/firmware/start_caravel_vexriscv.s
caravel_user_project/mgmt_core_wrapper/verilog/dv/firmware/start_pico.S
caravel_user_project/mgmt_core_wrapper/verilog/dv/firmware/irq_vex.h
caravel_user_project/mgmt_core_wrapper/verilog/dv/firmware/hw/
caravel_user_project/mgmt_core_wrapper/verilog/dv/firmware/hw/common.h
caravel_user_project/mgmt_core_wrapper/verilog/dv/firmware/stub.c
caravel_user_project/mgmt_core_wrapper/verilog/dv/make/
caravel_user_project/mgmt_core_wrapper/verilog/dv/make/cpu.makefile
caravel_user_project/mgmt_core_wrapper/verilog/dv/make/sim.makefile
caravel_user_project/mgmt_core_wrapper/verilog/dv/make/var.makefile
caravel_user_project/mgmt_core_wrapper/verilog/dv/make/env.makefile
caravel_user_project/mgmt_core_wrapper/verilog/dv/tests-standalone/
caravel_user_project/mgmt_core_wrapper/verilog/dv/tests-standalone/Makefile
caravel_user_project/mgmt_core_wrapper/verilog/dv/tests-standalone/run-all.sh
caravel_user_project/mgmt_core_wrapper/verilog/dv/tests-standalone/irq/
caravel_user_project/mgmt_core_wrapper/verilog/dv/tests-standalone/irq/Makefile
caravel_user_project/mgmt_core_wrapper/verilog/dv/tests-standalone/irq/irq.c
caravel_user_project/mgmt_core_wrapper/verilog/dv/tests-standalone/irq/irq.gtkw
caravel_user_project/mgmt_core_wrapper/verilog/dv/tests-standalone/irq/irq_tb.v
caravel_user_project/mgmt_core_wrapper/verilog/dv/tests-standalone/gpio_mgmt/
caravel_user_project/mgmt_core_wrapper/verilog/dv/tests-standalone/gpio_mgmt/Makefile
caravel_user_project/mgmt_core_wrapper/verilog/dv/tests-standalone/gpio_mgmt/gpio_mgmt.c
caravel_user_project/mgmt_core_wrapper/verilog/dv/tests-standalone/gpio_mgmt/gpio_mgmt.gtkw
caravel_user_project/mgmt_core_wrapper/verilog/dv/tests-standalone/gpio_mgmt/gpio_mgmt_tb.v
caravel_user_project/mgmt_core_wrapper/verilog/dv/tests-standalone/gpio_mgmt/README
caravel_user_project/mgmt_core_wrapper/verilog/dv/tests-standalone/mem/
caravel_user_project/mgmt_core_wrapper/verilog/dv/tests-standalone/mem/Makefile
caravel_user_project/mgmt_core_wrapper/verilog/dv/tests-standalone/mem/mem_tb.v
caravel_user_project/mgmt_core_wrapper/verilog/dv/tests-standalone/mem/mem.gtkw
caravel_user_project/mgmt_core_wrapper/verilog/dv/tests-standalone/mem/mem.c
caravel_user_project/mgmt_core_wrapper/verilog/dv/tests-standalone/timer/
caravel_user_project/mgmt_core_wrapper/verilog/dv/tests-standalone/timer/Makefile
caravel_user_project/mgmt_core_wrapper/verilog/dv/tests-standalone/timer/timer.gtkw
caravel_user_project/mgmt_core_wrapper/verilog/dv/tests-standalone/timer/timer_tb.v
caravel_user_project/mgmt_core_wrapper/verilog/dv/tests-standalone/timer/timer.c
caravel_user_project/mgmt_core_wrapper/verilog/dv/tests-standalone/spi_master/
caravel_user_project/mgmt_core_wrapper/verilog/dv/tests-standalone/spi_master/Makefile
caravel_user_project/mgmt_core_wrapper/verilog/dv/tests-standalone/spi_master/spi_master.vcd.hier
caravel_user_project/mgmt_core_wrapper/verilog/dv/tests-standalone/spi_master/spi_master.gtkw
caravel_user_project/mgmt_core_wrapper/verilog/dv/tests-standalone/spi_master/spi_master.c
caravel_user_project/mgmt_core_wrapper/verilog/dv/tests-standalone/spi_master/spi_master_tb.v
caravel_user_project/mgmt_core_wrapper/verilog/dv/tests-standalone/spi_master/test_data
caravel_user_project/mgmt_core_wrapper/verilog/dv/tests-standalone/uart/
caravel_user_project/mgmt_core_wrapper/verilog/dv/tests-standalone/uart/Makefile
caravel_user_project/mgmt_core_wrapper/verilog/dv/tests-standalone/uart/uart_tb.v
caravel_user_project/mgmt_core_wrapper/verilog/dv/tests-standalone/uart/uart.gtkw
caravel_user_project/mgmt_core_wrapper/verilog/dv/tests-standalone/uart/uart.c
caravel_user_project/mgmt_core_wrapper/verilog/dv/tests-standalone/debug/
caravel_user_project/mgmt_core_wrapper/verilog/dv/tests-standalone/debug/Makefile
caravel_user_project/mgmt_core_wrapper/verilog/dv/tests-standalone/debug/debug.c
caravel_user_project/mgmt_core_wrapper/verilog/dv/tests-standalone/debug/debug_tb.v
caravel_user_project/mgmt_core_wrapper/verilog/dv/tests-standalone/debug/debug.gtkw
caravel_user_project/mgmt_core_wrapper/verilog/dv/tests-standalone/run.sh
caravel_user_project/mgmt_core_wrapper/verilog/dv/tests-caravel/
caravel_user_project/mgmt_core_wrapper/verilog/dv/tests-caravel/Makefile
caravel_user_project/mgmt_core_wrapper/verilog/dv/tests-caravel/run-all.sh
caravel_user_project/mgmt_core_wrapper/verilog/dv/tests-caravel/verilog.log
caravel_user_project/mgmt_core_wrapper/verilog/dv/tests-caravel/sysctrl/
caravel_user_project/mgmt_core_wrapper/verilog/dv/tests-caravel/sysctrl/Makefile
caravel_user_project/mgmt_core_wrapper/verilog/dv/tests-caravel/sysctrl/sysctrl.c
caravel_user_project/mgmt_core_wrapper/verilog/dv/tests-caravel/sysctrl/sysctrl_tb.v
caravel_user_project/mgmt_core_wrapper/verilog/dv/tests-caravel/user_pass_thru/
caravel_user_project/mgmt_core_wrapper/verilog/dv/tests-caravel/user_pass_thru/Makefile
caravel_user_project/mgmt_core_wrapper/verilog/dv/tests-caravel/user_pass_thru/user_pass_thru_tb.v
caravel_user_project/mgmt_core_wrapper/verilog/dv/tests-caravel/user_pass_thru/user_pass_thru.c
caravel_user_project/mgmt_core_wrapper/verilog/dv/tests-caravel/user_pass_thru/test_data
caravel_user_project/mgmt_core_wrapper/verilog/dv/tests-caravel/user_pass_thru/README
caravel_user_project/mgmt_core_wrapper/verilog/dv/tests-caravel/gpio_mgmt/
caravel_user_project/mgmt_core_wrapper/verilog/dv/tests-caravel/gpio_mgmt/Makefile
caravel_user_project/mgmt_core_wrapper/verilog/dv/tests-caravel/gpio_mgmt/gpio_mgmt.c
caravel_user_project/mgmt_core_wrapper/verilog/dv/tests-caravel/gpio_mgmt/gpio_mgmt.gtkw
caravel_user_project/mgmt_core_wrapper/verilog/dv/tests-caravel/gpio_mgmt/gpio_mgmt_tb.v
caravel_user_project/mgmt_core_wrapper/verilog/dv/tests-caravel/mem/
caravel_user_project/mgmt_core_wrapper/verilog/dv/tests-caravel/mem/Makefile
caravel_user_project/mgmt_core_wrapper/verilog/dv/tests-caravel/mem/mem_tb.v
caravel_user_project/mgmt_core_wrapper/verilog/dv/tests-caravel/mem/mem.gtkw
caravel_user_project/mgmt_core_wrapper/verilog/dv/tests-caravel/mem/mem.c
caravel_user_project/mgmt_core_wrapper/verilog/dv/tests-caravel/sram_exec/
caravel_user_project/mgmt_core_wrapper/verilog/dv/tests-caravel/sram_exec/Makefile
caravel_user_project/mgmt_core_wrapper/verilog/dv/tests-caravel/sram_exec/sram_exec.c
caravel_user_project/mgmt_core_wrapper/verilog/dv/tests-caravel/sram_exec/sram_exec_tb.v
caravel_user_project/mgmt_core_wrapper/verilog/dv/tests-caravel/sram_exec/README
caravel_user_project/mgmt_core_wrapper/verilog/dv/tests-caravel/pll/
caravel_user_project/mgmt_core_wrapper/verilog/dv/tests-caravel/pll/Makefile
caravel_user_project/mgmt_core_wrapper/verilog/dv/tests-caravel/pll/pll.c
caravel_user_project/mgmt_core_wrapper/verilog/dv/tests-caravel/pll/pll_tb.v
caravel_user_project/mgmt_core_wrapper/verilog/dv/tests-caravel/spi_master/
caravel_user_project/mgmt_core_wrapper/verilog/dv/tests-caravel/spi_master/Makefile
caravel_user_project/mgmt_core_wrapper/verilog/dv/tests-caravel/spi_master/spi_master.gtkw
caravel_user_project/mgmt_core_wrapper/verilog/dv/tests-caravel/spi_master/spi_master.c
caravel_user_project/mgmt_core_wrapper/verilog/dv/tests-caravel/spi_master/spi_master_tb.v
caravel_user_project/mgmt_core_wrapper/verilog/dv/tests-caravel/spi_master/test_data
caravel_user_project/mgmt_core_wrapper/verilog/dv/tests-caravel/hkspi/
caravel_user_project/mgmt_core_wrapper/verilog/dv/tests-caravel/hkspi/Makefile
caravel_user_project/mgmt_core_wrapper/verilog/dv/tests-caravel/hkspi/hkspi.c
caravel_user_project/mgmt_core_wrapper/verilog/dv/tests-caravel/hkspi/hkspi_tb.v
caravel_user_project/mgmt_core_wrapper/verilog/dv/tests-caravel/uart/
caravel_user_project/mgmt_core_wrapper/verilog/dv/tests-caravel/uart/Makefile
caravel_user_project/mgmt_core_wrapper/verilog/dv/tests-caravel/uart/uart_tb.v
caravel_user_project/mgmt_core_wrapper/verilog/dv/tests-caravel/uart/uart.gtkw
caravel_user_project/mgmt_core_wrapper/verilog/dv/tests-caravel/uart/uart.c
caravel_user_project/mgmt_core_wrapper/verilog/dv/tests-caravel/run.sh
caravel_user_project/mgmt_core_wrapper/verilog/dv/tests-caravel/pass_thru_fix/
caravel_user_project/mgmt_core_wrapper/verilog/dv/tests-caravel/pass_thru_fix/Makefile
caravel_user_project/mgmt_core_wrapper/verilog/dv/tests-caravel/pass_thru_fix/pass_thru_fix.c
caravel_user_project/mgmt_core_wrapper/verilog/dv/tests-caravel/pass_thru_fix/pass_thru_fix_tb.v
caravel_user_project/mgmt_core_wrapper/verilog/dv/tests-caravel/pass_thru/
caravel_user_project/mgmt_core_wrapper/verilog/dv/tests-caravel/pass_thru/Makefile
caravel_user_project/mgmt_core_wrapper/verilog/dv/tests-caravel/pass_thru/pass_thru.c
caravel_user_project/mgmt_core_wrapper/verilog/dv/tests-caravel/pass_thru/pass_thru_tb.v
caravel_user_project/mgmt_core_wrapper/verilog/dv/tests-caravel/hkspi_power/
caravel_user_project/mgmt_core_wrapper/verilog/dv/tests-caravel/hkspi_power/Makefile
caravel_user_project/mgmt_core_wrapper/verilog/dv/tests-caravel/hkspi_power/hkspi_power.c
caravel_user_project/mgmt_core_wrapper/verilog/dv/tests-caravel/hkspi_power/hkspi_power_tb.v
caravel_user_project/mgmt_core_wrapper/verilog/dv/tests-caravel/pullupdown/
caravel_user_project/mgmt_core_wrapper/verilog/dv/tests-caravel/pullupdown/Makefile
caravel_user_project/mgmt_core_wrapper/verilog/dv/tests-caravel/pullupdown/pullupdown_tb.v
caravel_user_project/mgmt_core_wrapper/verilog/dv/tests-caravel/pullupdown/pullupdown.c
caravel_user_project/mgmt_core_wrapper/verilog/dv/generated/
caravel_user_project/mgmt_core_wrapper/verilog/dv/generated/soc.h
caravel_user_project/mgmt_core_wrapper/verilog/dv/generated/variables.mak
caravel_user_project/mgmt_core_wrapper/verilog/dv/generated/git.h
caravel_user_project/mgmt_core_wrapper/verilog/dv/generated/mem.h
caravel_user_project/mgmt_core_wrapper/verilog/dv/generated/csr.h
caravel_user_project/mgmt_core_wrapper/verilog/dv/generated/regions.ld
caravel_user_project/mgmt_core_wrapper/verilog/dv/generated/output_format.ld
caravel_user_project/mgmt_core_wrapper/verilog/dv/vip/
caravel_user_project/mgmt_core_wrapper/verilog/dv/vip/tbuart.v
caravel_user_project/mgmt_core_wrapper/verilog/dv/vip/spiflash.v
caravel_user_project/mgmt_core_wrapper/verilog/dv/vip/wb_rw_test.v
caravel_user_project/mgmt_core_wrapper/verilog/dv/vip/RAM256.v
caravel_user_project/mgmt_core_wrapper/verilog/dv/vip/sky130_sram_2kbyte_1rw1r_32x512_8.v
caravel_user_project/mgmt_core_wrapper/verilog/dv/vip/RAM128.v
caravel_user_project/mgmt_core_wrapper/verilog/includes/
caravel_user_project/mgmt_core_wrapper/verilog/includes/sdf_annotate.caravel.v
caravel_user_project/mgmt_core_wrapper/verilog/includes/includes.rtl.standalone
caravel_user_project/mgmt_core_wrapper/verilog/includes/includes.pdk
caravel_user_project/mgmt_core_wrapper/verilog/includes/includes.rtl.caravel
caravel_user_project/mgmt_core_wrapper/verilog/includes/includes.gl.standalone
caravel_user_project/mgmt_core_wrapper/verilog/includes/includes.gl+sdf.caravel
caravel_user_project/mgmt_core_wrapper/verilog/includes/includes.gl+sdf.standalone
caravel_user_project/mgmt_core_wrapper/verilog/includes/gl_caravel_vcs.list
caravel_user_project/mgmt_core_wrapper/verilog/includes/includes.gl.caravel
caravel_user_project/mgmt_core_wrapper/verilog/includes/rtl_caravel_vcs.v
caravel_user_project/mgmt_core_wrapper/verilog/gl/
caravel_user_project/mgmt_core_wrapper/verilog/gl/RAM256.v
caravel_user_project/mgmt_core_wrapper/verilog/gl/mgmt_core_wrapper.v
caravel_user_project/mgmt_core_wrapper/verilog/gl/RAM128.v
caravel_user_project/mgmt_core_wrapper/verilog/cvc-pdk/
caravel_user_project/mgmt_core_wrapper/verilog/cvc-pdk/sky130_ef_io__analog_pad.v
caravel_user_project/mgmt_core_wrapper/verilog/cvc-pdk/sky130_fd_sc_hd.v
caravel_user_project/mgmt_core_wrapper/verilog/cvc-pdk/sky130_ef_io__gpiov2_pad_wrapped.v
caravel_user_project/mgmt_core_wrapper/verilog/cvc-pdk/primitives_hd.v
caravel_user_project/mgmt_core_wrapper/verilog/cvc-pdk/sky130_sram_2kbyte_1rw1r_32x512_8.v
caravel_user_project/mgmt_core_wrapper/verilog/cvc-pdk/sky130_fd_io.v
caravel_user_project/mgmt_core_wrapper/verilog/cvc-pdk/sky130_ef_io.v
caravel_user_project/mgmt_core_wrapper/verilog/cvc-pdk/primitives_hvl.v
caravel_user_project/mgmt_core_wrapper/verilog/cvc-pdk/sky130_fd_sc_hvl.v
