hls05@HLS05:~/caravel_user_project$ make run-precheck
cd /home/hls05/mpw_precheck && \
docker run -v /home/hls05/mpw_precheck:/home/hls05/mpw_precheck \
-v /home/hls05/caravel_user_project:/home/hls05/caravel_user_project \
-v /home/hls05/caravel_user_project/dependencies/pdks:/home/hls05/caravel_user_project/dependencies/pdks \
-e INPUT_DIRECTORY=/home/hls05/caravel_user_project \
-e PDK_PATH=/home/hls05/caravel_user_project/dependencies/pdks/sky130A \
-e PDK_ROOT=/home/hls05/caravel_user_project/dependencies/pdks \
-e PDKPATH=/home/hls05/caravel_user_project/dependencies/pdks/sky130A \
-u 1000:1000 \
efabless/mpw_precheck:latest bash -c "cd /home/hls05/mpw_precheck ; python3 mpw_precheck.py --input_directory /home/hls05/caravel_user_project --pdk_path /home/hls05/caravel_user_project/dependencies/pdks/sky130A"
{{EXTRACTING FILES}} Extracting compressed files in: /home/hls05/caravel_user_project
{{Project Type Info}} digital
{{Project GDS Info}} user_project_wrapper: ec900189e7fd5555afe8ec9ddf40e4b39bef2d69
{{Tools Info}} KLayout: v0.27.12 | Magic: v8.3.348
{{PDKs Info}} SKY130A: f70d8ca46961ff92719d8870a18a076370b85f6c | Open PDKs: 0059588eebfc704681dc2368bd1d33d96281d10f
{{START}} Precheck Started, the full log 'precheck.log' will be located in '/home/hls05/caravel_user_project/precheck_results/25_JAN_2023___14_48_39/logs'
{{PRECHECK SEQUENCE}} Precheck will run the following checks: [License, Makefile, Default, Documentation, Consistency, GPIO-Defines, XOR, Magic DRC, Klayout FEOL, Klayout BEOL, Klayout Offgrid, Klayout Metal Minimum Clear Area Density, Klayout Pin Label Purposes Overlapping Drawing, Klayout ZeroArea]
{{STEP UPDATE}} Executing Check 1 of 14: License
An approved LICENSE (Apache-2.0) was found in /home/hls05/caravel_user_project.
{{MAIN LICENSE CHECK PASSED}} An approved LICENSE was found in project root.
An approved LICENSE (Apache-2.0) was found in /home/hls05/caravel_user_project.
An approved LICENSE (Apache-2.0) was found in /home/hls05/caravel_user_project.
An approved LICENSE (Apache-2.0) was found in /home/hls05/caravel_user_project.
An approved LICENSE (Apache-2.0) was found in /home/hls05/caravel_user_project.
An approved LICENSE (Apache-2.0) was found in /home/hls05/caravel_user_project.
{{SUBMODULES LICENSE CHECK PASSED}} No prohibited LICENSE file(s) was found in project submodules
SPDX COMPLIANCE FILE UNICODE DECODE EXCEPTION in (/home/hls05/caravel_user_project/dependencies/openlane_src/docs/_static/striVe.jpeg): 'utf-8' codec can't decode byte 0xff in position 0: invalid start byte
SPDX COMPLIANCE FILE UNICODE DECODE EXCEPTION in (/home/hls05/caravel_user_project/dependencies/openlane_src/docs/_static/src/lvs_issue_comparison.xcf): 'utf-8' codec can't decode byte 0x96 in position 29: invalid start byte
SPDX COMPLIANCE FILE UNICODE DECODE EXCEPTION in (/home/hls05/caravel_user_project/dependencies/openlane_src/docs/_static/src/ring_around_macro.xcf): 'utf-8' codec can't decode byte 0x8d in position 21: invalid start byte
SPDX COMPLIANCE FILE UNICODE DECODE EXCEPTION in (/home/hls05/caravel_user_project/mgmt_core_wrapper/lvs/examples/utils/vlog2Spice): 'utf-8' codec can't decode byte 0xf8 in position 96: invalid start byte
SPDX COMPLIANCE FILE UNICODE DECODE EXCEPTION in (/home/hls05/caravel_user_project/mgmt_core_wrapper/lvs/utils/vlog2Spice): 'utf-8' codec can't decode byte 0xf8 in position 96: invalid start byte
SPDX COMPLIANCE FILE UNICODE DECODE EXCEPTION in (/home/hls05/caravel_user_project/mgmt_core_wrapper/verilog/rtl/ibex/sv-source-orig/sv2v): 'utf-8' codec can't decode byte 0xcf in position 0: invalid continuation byte
SPDX COMPLIANCE FILE UNICODE DECODE EXCEPTION in (/home/hls05/caravel_user_project/mgmt_core_wrapper/verilog/dv/tests-standalone/spi_master/spi_master.vcd.hier): 'utf-8' codec can't decode byte 0xfc in position 0: invalid start byte
SPDX COMPLIANCE FILE UNICODE DECODE EXCEPTION in (/home/hls05/caravel_user_project/venv/bin/python3): 'utf-8' codec can't decode byte 0xf8 in position 96: invalid start byte
SPDX COMPLIANCE FILE UNICODE DECODE EXCEPTION in (/home/hls05/caravel_user_project/venv/bin/python): 'utf-8' codec can't decode byte 0xf8 in position 96: invalid start byte
SPDX COMPLIANCE FILE UNICODE DECODE EXCEPTION in (/home/hls05/caravel_user_project/venv/share/python-wheels/CacheControl-0.12.6-py2.py3-none-any.whl): 'utf-8' codec can't decode byte 0xed in position 12: invalid continuation byte
SPDX COMPLIANCE FILE UNICODE DECODE EXCEPTION in (/home/hls05/caravel_user_project/venv/share/python-wheels/urllib3-1.25.8-py2.py3-none-any.whl): 'utf-8' codec can't decode byte 0xed in position 12: invalid continuation byte
SPDX COMPLIANCE FILE UNICODE DECODE EXCEPTION in (/home/hls05/caravel_user_project/venv/share/python-wheels/lockfile-0.12.2-py2.py3-none-any.whl): 'utf-8' codec can't decode byte 0xed in position 12: invalid continuation byte
SPDX COMPLIANCE FILE UNICODE DECODE EXCEPTION in (/home/hls05/caravel_user_project/venv/share/python-wheels/requests-2.22.0-py2.py3-none-any.whl): 'utf-8' codec can't decode byte 0xed in position 12: invalid continuation byte
SPDX COMPLIANCE FILE UNICODE DECODE EXCEPTION in (/home/hls05/caravel_user_project/venv/share/python-wheels/distlib-0.3.0-py2.py3-none-any.whl): 'utf-8' codec can't decode byte 0xed in position 12: invalid continuation byte
SPDX COMPLIANCE FILE UNICODE DECODE EXCEPTION in (/home/hls05/caravel_user_project/venv/share/python-wheels/html5lib-1.0.1-py2.py3-none-any.whl): 'utf-8' codec can't decode byte 0xed in position 12: invalid continuation byte
SPDX COMPLIANCE FILE UNICODE DECODE EXCEPTION in (/home/hls05/caravel_user_project/venv/share/python-wheels/pkg_resources-0.0.0-py2.py3-none-any.whl): 'utf-8' codec can't decode byte 0xed in position 12: invalid continuation byte
SPDX COMPLIANCE FILE UNICODE DECODE EXCEPTION in (/home/hls05/caravel_user_project/venv/share/python-wheels/msgpack-0.6.2-py2.py3-none-any.whl): 'utf-8' codec can't decode byte 0xed in position 12: invalid continuation byte
SPDX COMPLIANCE FILE UNICODE DECODE EXCEPTION in (/home/hls05/caravel_user_project/venv/share/python-wheels/retrying-1.3.3-py2.py3-none-any.whl): 'utf-8' codec can't decode byte 0xed in position 12: invalid continuation byte
SPDX COMPLIANCE FILE UNICODE DECODE EXCEPTION in (/home/hls05/caravel_user_project/venv/share/python-wheels/toml-0.10.0-py2.py3-none-any.whl): 'utf-8' codec can't decode byte 0xed in position 12: invalid continuation byte
SPDX COMPLIANCE FILE UNICODE DECODE EXCEPTION in (/home/hls05/caravel_user_project/venv/share/python-wheels/pyparsing-2.4.6-py2.py3-none-any.whl): 'utf-8' codec can't decode byte 0xed in position 12: invalid continuation byte
SPDX COMPLIANCE FILE UNICODE DECODE EXCEPTION in (/home/hls05/caravel_user_project/venv/share/python-wheels/chardet-3.0.4-py2.py3-none-any.whl): 'utf-8' codec can't decode byte 0xed in position 12: invalid continuation byte
SPDX COMPLIANCE FILE UNICODE DECODE EXCEPTION in (/home/hls05/caravel_user_project/venv/share/python-wheels/wheel-0.34.2-py2.py3-none-any.whl): 'utf-8' codec can't decode byte 0xed in position 12: invalid continuation byte
SPDX COMPLIANCE FILE UNICODE DECODE EXCEPTION in (/home/hls05/caravel_user_project/venv/share/python-wheels/pip-20.0.2-py2.py3-none-any.whl): 'utf-8' codec can't decode byte 0xed in position 12: invalid continuation byte
SPDX COMPLIANCE FILE UNICODE DECODE EXCEPTION in (/home/hls05/caravel_user_project/venv/share/python-wheels/certifi-2019.11.28-py2.py3-none-any.whl): 'utf-8' codec can't decode byte 0xed in position 12: invalid continuation byte
SPDX COMPLIANCE FILE UNICODE DECODE EXCEPTION in (/home/hls05/caravel_user_project/venv/share/python-wheels/webencodings-0.5.1-py2.py3-none-any.whl): 'utf-8' codec can't decode byte 0xed in position 12: invalid continuation byte
SPDX COMPLIANCE FILE UNICODE DECODE EXCEPTION in (/home/hls05/caravel_user_project/venv/share/python-wheels/pep517-0.8.2-py2.py3-none-any.whl): 'utf-8' codec can't decode byte 0xed in position 12: invalid continuation byte
SPDX COMPLIANCE FILE UNICODE DECODE EXCEPTION in (/home/hls05/caravel_user_project/venv/share/python-wheels/progress-1.5-py2.py3-none-any.whl): 'utf-8' codec can't decode byte 0xed in position 12: invalid continuation byte
SPDX COMPLIANCE FILE UNICODE DECODE EXCEPTION in (/home/hls05/caravel_user_project/venv/share/python-wheels/distro-1.4.0-py2.py3-none-any.whl): 'utf-8' codec can't decode byte 0xed in position 12: invalid continuation byte
SPDX COMPLIANCE FILE UNICODE DECODE EXCEPTION in (/home/hls05/caravel_user_project/venv/share/python-wheels/appdirs-1.4.3-py2.py3-none-any.whl): 'utf-8' codec can't decode byte 0xed in position 12: invalid continuation byte
SPDX COMPLIANCE FILE UNICODE DECODE EXCEPTION in (/home/hls05/caravel_user_project/venv/share/python-wheels/six-1.14.0-py2.py3-none-any.whl): 'utf-8' codec can't decode byte 0xed in position 12: invalid continuation byte
SPDX COMPLIANCE FILE UNICODE DECODE EXCEPTION in (/home/hls05/caravel_user_project/venv/share/python-wheels/idna-2.8-py2.py3-none-any.whl): 'utf-8' codec can't decode byte 0xed in position 12: invalid continuation byte
SPDX COMPLIANCE FILE UNICODE DECODE EXCEPTION in (/home/hls05/caravel_user_project/venv/share/python-wheels/setuptools-44.0.0-py2.py3-none-any.whl): 'utf-8' codec can't decode byte 0xed in position 12: invalid continuation byte
SPDX COMPLIANCE FILE UNICODE DECODE EXCEPTION in (/home/hls05/caravel_user_project/venv/share/python-wheels/packaging-20.3-py2.py3-none-any.whl): 'utf-8' codec can't decode byte 0xed in position 12: invalid continuation byte
SPDX COMPLIANCE FILE UNICODE DECODE EXCEPTION in (/home/hls05/caravel_user_project/venv/share/python-wheels/contextlib2-0.6.0-py2.py3-none-any.whl): 'utf-8' codec can't decode byte 0xed in position 12: invalid continuation byte
SPDX COMPLIANCE FILE UNICODE DECODE EXCEPTION in (/home/hls05/caravel_user_project/venv/share/python-wheels/ipaddr-2.2.0-py2.py3-none-any.whl): 'utf-8' codec can't decode byte 0xed in position 12: invalid continuation byte
SPDX COMPLIANCE FILE UNICODE DECODE EXCEPTION in (/home/hls05/caravel_user_project/venv/share/python-wheels/colorama-0.4.3-py2.py3-none-any.whl): 'utf-8' codec can't decode byte 0xed in position 12: invalid continuation byte
SPDX COMPLIANCE FILE UNICODE DECODE EXCEPTION in (/home/hls05/caravel_user_project/venv/lib/python3.8/site-packages/setuptools/gui-64.exe): 'utf-8' codec can't decode byte 0x90 in position 2: invalid start byte
SPDX COMPLIANCE FILE UNICODE DECODE EXCEPTION in (/home/hls05/caravel_user_project/venv/lib/python3.8/site-packages/setuptools/gui.exe): 'utf-8' codec can't decode byte 0x90 in position 2: invalid start byte
SPDX COMPLIANCE FILE UNICODE DECODE EXCEPTION in (/home/hls05/caravel_user_project/venv/lib/python3.8/site-packages/setuptools/cli.exe): 'utf-8' codec can't decode byte 0x90 in position 2: invalid start byte
SPDX COMPLIANCE FILE UNICODE DECODE EXCEPTION in (/home/hls05/caravel_user_project/venv/lib/python3.8/site-packages/setuptools/gui-32.exe): 'utf-8' codec can't decode byte 0x90 in position 2: invalid start byte
SPDX COMPLIANCE FILE UNICODE DECODE EXCEPTION in (/home/hls05/caravel_user_project/venv/lib/python3.8/site-packages/setuptools/cli-64.exe): 'utf-8' codec can't decode byte 0x90 in position 2: invalid start byte
SPDX COMPLIANCE FILE UNICODE DECODE EXCEPTION in (/home/hls05/caravel_user_project/venv/lib/python3.8/site-packages/setuptools/cli-32.exe): 'utf-8' codec can't decode byte 0x90 in position 2: invalid start byte
SPDX COMPLIANCE FILE UNICODE DECODE EXCEPTION in (/home/hls05/caravel_user_project/venv/lib/python3.8/site-packages/pip/_vendor/distlib/t32.exe): 'utf-8' codec can't decode byte 0x90 in position 2: invalid start byte
SPDX COMPLIANCE FILE UNICODE DECODE EXCEPTION in (/home/hls05/caravel_user_project/venv/lib/python3.8/site-packages/pip/_vendor/distlib/w64.exe): 'utf-8' codec can't decode byte 0x90 in position 2: invalid start byte
SPDX COMPLIANCE FILE UNICODE DECODE EXCEPTION in (/home/hls05/caravel_user_project/venv/lib/python3.8/site-packages/pip/_vendor/distlib/w64-arm.exe): 'utf-8' codec can't decode byte 0x90 in position 2: invalid start byte
SPDX COMPLIANCE FILE UNICODE DECODE EXCEPTION in (/home/hls05/caravel_user_project/venv/lib/python3.8/site-packages/pip/_vendor/distlib/t64.exe): 'utf-8' codec can't decode byte 0x90 in position 2: invalid start byte
SPDX COMPLIANCE FILE UNICODE DECODE EXCEPTION in (/home/hls05/caravel_user_project/venv/lib/python3.8/site-packages/pip/_vendor/distlib/w32.exe): 'utf-8' codec can't decode byte 0x90 in position 2: invalid start byte
SPDX COMPLIANCE FILE UNICODE DECODE EXCEPTION in (/home/hls05/caravel_user_project/venv/lib/python3.8/site-packages/pip/_vendor/distlib/t64-arm.exe): 'utf-8' codec can't decode byte 0x90 in position 2: invalid start byte
SPDX COMPLIANCE FILE UNICODE DECODE EXCEPTION in (/home/hls05/caravel_user_project/openlane/user_project_wrapper/runs/23_01_25_16_25/tmp/9-user_project_wrapper.odb): 'utf-8' codec can't decode byte 0xba in position 16: invalid start byte
SPDX COMPLIANCE FILE UNICODE DECODE EXCEPTION in (/home/hls05/caravel_user_project/openlane/user_project_wrapper/runs/23_01_25_16_25/tmp/placement/7-global.odb): 'utf-8' codec can't decode byte 0xba in position 16: invalid start byte
SPDX COMPLIANCE FILE UNICODE DECODE EXCEPTION in (/home/hls05/caravel_user_project/openlane/user_project_wrapper/runs/23_01_25_16_25/tmp/routing/diode.odb): 'utf-8' codec can't decode byte 0xba in position 16: invalid start byte
SPDX COMPLIANCE FILE UNICODE DECODE EXCEPTION in (/home/hls05/caravel_user_project/openlane/user_project_wrapper/runs/23_01_25_16_25/tmp/routing/11-global.odb): 'utf-8' codec can't decode byte 0xba in position 16: invalid start byte
SPDX COMPLIANCE FILE UNICODE DECODE EXCEPTION in (/home/hls05/caravel_user_project/openlane/user_project_wrapper/runs/23_01_25_16_25/tmp/floorplan/4-io.odb): 'utf-8' codec can't decode byte 0xba in position 16: invalid start byte
SPDX COMPLIANCE FILE UNICODE DECODE EXCEPTION in (/home/hls05/caravel_user_project/openlane/user_project_wrapper/runs/23_01_25_16_25/tmp/floorplan/3-initial_fp.odb): 'utf-8' codec can't decode byte 0xba in position 16: invalid start byte
SPDX COMPLIANCE FILE UNICODE DECODE EXCEPTION in (/home/hls05/caravel_user_project/openlane/user_project_wrapper/runs/23_01_25_16_25/tmp/floorplan/4-io.macro_placement.odb): 'utf-8' codec can't decode byte 0xba in position 16: invalid start byte
SPDX COMPLIANCE FILE UNICODE DECODE EXCEPTION in (/home/hls05/caravel_user_project/openlane/user_project_wrapper/runs/23_01_25_16_25/tmp/floorplan/6-pdn.odb): 'utf-8' codec can't decode byte 0xba in position 16: invalid start byte
SPDX COMPLIANCE FILE UNICODE DECODE EXCEPTION in (/home/hls05/caravel_user_project/openlane/user_project_wrapper/runs/23_01_25_16_25/results/placement/user_project_wrapper.odb): 'utf-8' codec can't decode byte 0xba in position 16: invalid start byte
SPDX COMPLIANCE FILE UNICODE DECODE EXCEPTION in (/home/hls05/caravel_user_project/openlane/user_project_wrapper/runs/23_01_25_16_25/results/routing/user_project_wrapper.odb): 'utf-8' codec can't decode byte 0xba in position 16: invalid start byte
SPDX COMPLIANCE FILE UNICODE DECODE EXCEPTION in (/home/hls05/caravel_user_project/openlane/user_proj_example/runs/23_01_25_15_54/tmp/12-user_proj_example.odb): 'utf-8' codec can't decode byte 0xb9 in position 16: invalid start byte
SPDX COMPLIANCE FILE UNICODE DECODE EXCEPTION in (/home/hls05/caravel_user_project/openlane/user_proj_example/runs/23_01_25_15_54/tmp/placement/7-global.odb): 'utf-8' codec can't decode byte 0xb9 in position 16: invalid start byte
SPDX COMPLIANCE FILE UNICODE DECODE EXCEPTION in (/home/hls05/caravel_user_project/openlane/user_proj_example/runs/23_01_25_15_54/tmp/placement/8-resizer.odb): 'utf-8' codec can't decode byte 0xb9 in position 16: invalid start byte
SPDX COMPLIANCE FILE UNICODE DECODE EXCEPTION in (/home/hls05/caravel_user_project/openlane/user_proj_example/runs/23_01_25_15_54/tmp/cts/11-user_proj_example.resized.odb): 'utf-8' codec can't decode byte 0xb9 in position 16: invalid start byte
SPDX COMPLIANCE FILE UNICODE DECODE EXCEPTION in (/home/hls05/caravel_user_project/openlane/user_proj_example/runs/23_01_25_15_54/tmp/routing/diodes.odb): 'utf-8' codec can't decode byte 0xb9 in position 16: invalid start byte
SPDX COMPLIANCE FILE UNICODE DECODE EXCEPTION in (/home/hls05/caravel_user_project/openlane/user_proj_example/runs/23_01_25_15_54/tmp/routing/13-diodes.odb): 'utf-8' codec can't decode byte 0xb9 in position 16: invalid start byte
SPDX COMPLIANCE FILE UNICODE DECODE EXCEPTION in (/home/hls05/caravel_user_project/openlane/user_proj_example/runs/23_01_25_15_54/tmp/routing/16-global.odb): 'utf-8' codec can't decode byte 0xb9 in position 16: invalid start byte
SPDX COMPLIANCE FILE UNICODE DECODE EXCEPTION in (/home/hls05/caravel_user_project/openlane/user_proj_example/runs/23_01_25_15_54/tmp/routing/15-fill.odb): 'utf-8' codec can't decode byte 0xb9 in position 16: invalid start byte
SPDX COMPLIANCE FILE UNICODE DECODE EXCEPTION in (/home/hls05/caravel_user_project/openlane/user_proj_example/runs/23_01_25_15_54/tmp/floorplan/4-io.odb): 'utf-8' codec can't decode byte 0xb9 in position 16: invalid start byte
SPDX COMPLIANCE FILE UNICODE DECODE EXCEPTION in (/home/hls05/caravel_user_project/openlane/user_proj_example/runs/23_01_25_15_54/tmp/floorplan/3-initial_fp.odb): 'utf-8' codec can't decode byte 0xb9 in position 16: invalid start byte
SPDX COMPLIANCE FILE UNICODE DECODE EXCEPTION in (/home/hls05/caravel_user_project/openlane/user_proj_example/runs/23_01_25_15_54/tmp/floorplan/6-pdn.odb): 'utf-8' codec can't decode byte 0xb9 in position 16: invalid start byte
SPDX COMPLIANCE FILE UNICODE DECODE EXCEPTION in (/home/hls05/caravel_user_project/openlane/user_proj_example/runs/23_01_25_15_54/results/placement/user_proj_example.odb): 'utf-8' codec can't decode byte 0xb9 in position 16: invalid start byte
SPDX COMPLIANCE FILE UNICODE DECODE EXCEPTION in (/home/hls05/caravel_user_project/openlane/user_proj_example/runs/23_01_25_15_54/results/cts/user_proj_example.odb): 'utf-8' codec can't decode byte 0xb9 in position 16: invalid start byte
SPDX COMPLIANCE FILE UNICODE DECODE EXCEPTION in (/home/hls05/caravel_user_project/openlane/user_proj_example/runs/23_01_25_15_54/results/routing/user_proj_example.odb): 'utf-8' codec can't decode byte 0xb9 in position 16: invalid start byte
SPDX COMPLIANCE FILE UNICODE DECODE EXCEPTION in (/home/hls05/caravel_user_project/openlane/user_proj_example/runs/23_01_25_15_54/results/floorplan/user_proj_example.odb): 'utf-8' codec can't decode byte 0xb9 in position 16: invalid start byte
SPDX COMPLIANCE FILE UNICODE DECODE EXCEPTION in (/home/hls05/caravel_user_project/openlane/user_proj_example/runs/23_01_25_16_13/tmp/12-user_proj_example.odb): 'utf-8' codec can't decode byte 0xb9 in position 16: invalid start byte
SPDX COMPLIANCE FILE UNICODE DECODE EXCEPTION in (/home/hls05/caravel_user_project/openlane/user_proj_example/runs/23_01_25_16_13/tmp/placement/7-global.odb): 'utf-8' codec can't decode byte 0xb9 in position 16: invalid start byte
SPDX COMPLIANCE FILE UNICODE DECODE EXCEPTION in (/home/hls05/caravel_user_project/openlane/user_proj_example/runs/23_01_25_16_13/tmp/placement/8-resizer.odb): 'utf-8' codec can't decode byte 0xb9 in position 16: invalid start byte
SPDX COMPLIANCE FILE UNICODE DECODE EXCEPTION in (/home/hls05/caravel_user_project/openlane/user_proj_example/runs/23_01_25_16_13/tmp/cts/11-user_proj_example.resized.odb): 'utf-8' codec can't decode byte 0xb9 in position 16: invalid start byte
SPDX COMPLIANCE FILE UNICODE DECODE EXCEPTION in (/home/hls05/caravel_user_project/openlane/user_proj_example/runs/23_01_25_16_13/tmp/routing/diodes.odb): 'utf-8' codec can't decode byte 0xb9 in position 16: invalid start byte
SPDX COMPLIANCE FILE UNICODE DECODE EXCEPTION in (/home/hls05/caravel_user_project/openlane/user_proj_example/runs/23_01_25_16_13/tmp/routing/13-diodes.odb): 'utf-8' codec can't decode byte 0xb9 in position 16: invalid start byte
SPDX COMPLIANCE FILE UNICODE DECODE EXCEPTION in (/home/hls05/caravel_user_project/openlane/user_proj_example/runs/23_01_25_16_13/tmp/routing/16-global.odb): 'utf-8' codec can't decode byte 0xb9 in position 16: invalid start byte
SPDX COMPLIANCE FILE UNICODE DECODE EXCEPTION in (/home/hls05/caravel_user_project/openlane/user_proj_example/runs/23_01_25_16_13/tmp/routing/15-fill.odb): 'utf-8' codec can't decode byte 0xb9 in position 16: invalid start byte
SPDX COMPLIANCE FILE UNICODE DECODE EXCEPTION in (/home/hls05/caravel_user_project/openlane/user_proj_example/runs/23_01_25_16_13/tmp/floorplan/4-io.odb): 'utf-8' codec can't decode byte 0xb9 in position 16: invalid start byte
SPDX COMPLIANCE FILE UNICODE DECODE EXCEPTION in (/home/hls05/caravel_user_project/openlane/user_proj_example/runs/23_01_25_16_13/tmp/floorplan/3-initial_fp.odb): 'utf-8' codec can't decode byte 0xb9 in position 16: invalid start byte
SPDX COMPLIANCE FILE UNICODE DECODE EXCEPTION in (/home/hls05/caravel_user_project/openlane/user_proj_example/runs/23_01_25_16_13/tmp/floorplan/6-pdn.odb): 'utf-8' codec can't decode byte 0xb9 in position 16: invalid start byte
SPDX COMPLIANCE FILE UNICODE DECODE EXCEPTION in (/home/hls05/caravel_user_project/openlane/user_proj_example/runs/23_01_25_16_13/results/placement/user_proj_example.odb): 'utf-8' codec can't decode byte 0xb9 in position 16: invalid start byte
SPDX COMPLIANCE FILE UNICODE DECODE EXCEPTION in (/home/hls05/caravel_user_project/openlane/user_proj_example/runs/23_01_25_16_13/results/cts/user_proj_example.odb): 'utf-8' codec can't decode byte 0xb9 in position 16: invalid start byte
SPDX COMPLIANCE FILE UNICODE DECODE EXCEPTION in (/home/hls05/caravel_user_project/openlane/user_proj_example/runs/23_01_25_16_13/results/routing/user_proj_example.odb): 'utf-8' codec can't decode byte 0xb9 in position 16: invalid start byte
SPDX COMPLIANCE FILE UNICODE DECODE EXCEPTION in (/home/hls05/caravel_user_project/openlane/user_proj_example/runs/23_01_25_16_13/results/floorplan/user_proj_example.odb): 'utf-8' codec can't decode byte 0xb9 in position 16: invalid start byte
{{SPDX COMPLIANCE CHECK FAILED}} Found 11762 non-compliant file(s) with the SPDX Standard.
SPDX COMPLIANCE: NON-COMPLIANT FILE(S) PREVIEW: ['/home/hls05/caravel_user_project/dependencies/openlane_src/Makefile', '/home/hls05/caravel_user_project/dependencies/openlane_src/.readthedocs.yml', '/home/hls05/caravel_user_project/dependencies/openlane_src/Jenkinsfile', '/home/hls05/caravel_user_project/dependencies/openlane_src/env.py', '/home/hls05/caravel_user_project/dependencies/openlane_src/.flake8', '/home/hls05/caravel_user_project/dependencies/openlane_src/.gitattributes', '/home/hls05/caravel_user_project/dependencies/openlane_src/run_designs.py', '/home/hls05/caravel_user_project/dependencies/openlane_src/flow.tcl', '/home/hls05/caravel_user_project/dependencies/openlane_src/dependencies/tool_metadata.yml', '/home/hls05/caravel_user_project/dependencies/openlane_src/dependencies/get_tag.py', '/home/hls05/caravel_user_project/dependencies/openlane_src/dependencies/installer.py', '/home/hls05/caravel_user_project/dependencies/openlane_src/dependencies/verify_versions.py', '/home/hls05/caravel_user_project/dependencies/openlane_src/dependencies/image_name.mk', '/home/hls05/caravel_user_project/dependencies/openlane_src/dependencies/update_pyyaml.sh', '/home/hls05/caravel_user_project/dependencies/openlane_src/dependencies/tool.py']
For the full SPDX compliance report check: /home/hls05/caravel_user_project/precheck_results/25_JAN_2023___14_48_39/logs/spdx_compliance_report.log
{{STEP UPDATE}} Executing Check 2 of 14: Makefile
{{MAKEFILE CHECK PASSED}} Makefile valid.
{{STEP UPDATE}} Executing Check 3 of 14: Default
{{README DEFAULT CHECK PASSED}} Project 'README.md' was modified and is not identical to the default 'README.md'
{{CONTENT DEFAULT CHECK PASSED}} Project 'gds' was modified and is not identical to the default 'gds'
{{STEP UPDATE}} Executing Check 4 of 14: Documentation
{{DOCUMENTATION CHECK PASSED}} Project documentation is appropriate.
{{STEP UPDATE}} Executing Check 5 of 14: Consistency
POWER CONNECTIONS CHECK PASSED: All instances in caravel are connected to power
{{NETLIST CONSISTENCY CHECK PASSED}} caravel netlist passed all consistency checks.
PORTS CHECK PASSED: Netlist user_project_wrapper ports match the golden wrapper ports
COMPLEXITY CHECK PASSED: Netlist user_project_wrapper contains at least 1 instances (1 instances).
MODELING CHECK PASSED: Netlist user_project_wrapper is structural.
LAYOUT CHECK PASSED: The GDS layout for user_project_wrapper matches the provided structural netlist.
POWER CONNECTIONS CHECK PASSED: All instances in user_project_wrapper are connected to power
PORT TYPES CHECK PASSED: Netlist user_project_wrapper port types match the golden wrapper port types.
{{NETLIST CONSISTENCY CHECK PASSED}} user_project_wrapper netlist passed all consistency checks.
{{CONSISTENCY CHECK PASSED}} The user netlist and the top netlist are valid.
{{STEP UPDATE}} Executing Check 6 of 14: GPIO-Defines
GPIO-DEFINES: Checking verilog/rtl/user_defines.v, parsing files: ['/home/hls05/mpw_precheck/checks/gpio_defines_check/verilog_assets/gpio_modes_base.v', '/home/hls05/caravel_user_project/verilog/rtl/user_defines.v', '/home/hls05/mpw_precheck/checks/gpio_defines_check/verilog_assets/gpio_modes_observe.v']
GPIO-DEFINES report path: /home/hls05/caravel_user_project/precheck_results/25_JAN_2023___14_48_39/outputs/reports/gpio_defines.report
{{GPIO-DEFINES CHECK PASSED}} The user verilog/rtl/user_defines.v is valid.
{{STEP UPDATE}} Executing Check 7 of 14: XOR
{{XOR CHECK UPDATE}} Total XOR differences: 0, for more details view /home/hls05/caravel_user_project/precheck_results/25_JAN_2023___14_48_39/outputs/user_project_wrapper.xor.gds
{{XOR CHECK PASSED}} The GDS file has no XOR violations.
{{STEP UPDATE}} Executing Check 8 of 14: Magic DRC
Found 0 violations
0 DRC violations
{{MAGIC DRC CHECK PASSED}} The GDS file, user_project_wrapper.gds, has no DRC violations.
{{STEP UPDATE}} Executing Check 9 of 14: Klayout FEOL
in CUSTOM klayout_gds_drc_check
run: klayout -b -r /home/hls05/mpw_precheck/checks/tech-files/sky130A_mr.drc -rd input=/home/hls05/caravel_user_project/gds/user_project_wrapper.gds -rd topcell=user_project_wrapper -rd report=/home/hls05/caravel_user_project/precheck_results/25_JAN_2023___14_48_39/outputs/reports/klayout_feol_check.xml -rd feol=true >& /home/hls05/caravel_user_project/precheck_results/25_JAN_2023___14_48_39/logs/klayout_feol_check.log
No DRC Violations found
{{Klayout FEOL CHECK PASSED}} The GDS file, user_project_wrapper.gds, has no DRC violations.
{{STEP UPDATE}} Executing Check 10 of 14: Klayout BEOL
in CUSTOM klayout_gds_drc_check
run: klayout -b -r /home/hls05/mpw_precheck/checks/tech-files/sky130A_mr.drc -rd input=/home/hls05/caravel_user_project/gds/user_project_wrapper.gds -rd topcell=user_project_wrapper -rd report=/home/hls05/caravel_user_project/precheck_results/25_JAN_2023___14_48_39/outputs/reports/klayout_beol_check.xml -rd beol=true >& /home/hls05/caravel_user_project/precheck_results/25_JAN_2023___14_48_39/logs/klayout_beol_check.log
No DRC Violations found
{{Klayout BEOL CHECK PASSED}} The GDS file, user_project_wrapper.gds, has no DRC violations.
{{STEP UPDATE}} Executing Check 11 of 14: Klayout Offgrid
in CUSTOM klayout_gds_drc_check
run: klayout -b -r /home/hls05/mpw_precheck/checks/tech-files/sky130A_mr.drc -rd input=/home/hls05/caravel_user_project/gds/user_project_wrapper.gds -rd topcell=user_project_wrapper -rd report=/home/hls05/caravel_user_project/precheck_results/25_JAN_2023___14_48_39/outputs/reports/klayout_offgrid_check.xml -rd offgrid=true >& /home/hls05/caravel_user_project/precheck_results/25_JAN_2023___14_48_39/logs/klayout_offgrid_check.log
No DRC Violations found
{{Klayout Offgrid CHECK PASSED}} The GDS file, user_project_wrapper.gds, has no DRC violations.
{{STEP UPDATE}} Executing Check 12 of 14: Klayout Metal Minimum Clear Area Density
in CUSTOM klayout_gds_drc_check
run: klayout -b -r /home/hls05/mpw_precheck/checks/drc_checks/klayout/met_min_ca_density.lydrc -rd input=/home/hls05/caravel_user_project/gds/user_project_wrapper.gds -rd topcell=user_project_wrapper -rd report=/home/hls05/caravel_user_project/precheck_results/25_JAN_2023___14_48_39/outputs/reports/klayout_met_min_ca_density_check.xml >& /home/hls05/caravel_user_project/precheck_results/25_JAN_2023___14_48_39/logs/klayout_met_min_ca_density_check.log
No DRC Violations found
{{Klayout Metal Minimum Clear Area Density CHECK PASSED}} The GDS file, user_project_wrapper.gds, has no DRC violations.
{{STEP UPDATE}} Executing Check 13 of 14: Klayout Pin Label Purposes Overlapping Drawing
in CUSTOM klayout_gds_drc_check
run: klayout -b -r /home/hls05/mpw_precheck/checks/drc_checks/klayout/pin_label_purposes_overlapping_drawing.rb.drc -rd input=/home/hls05/caravel_user_project/gds/user_project_wrapper.gds -rd topcell=user_project_wrapper -rd report=/home/hls05/caravel_user_project/precheck_results/25_JAN_2023___14_48_39/outputs/reports/klayout_pin_label_purposes_overlapping_drawing_check.xml -rd top_cell_name=user_project_wrapper >& /home/hls05/caravel_user_project/precheck_results/25_JAN_2023___14_48_39/logs/klayout_pin_label_purposes_overlapping_drawing_check.log
No DRC Violations found
{{Klayout Pin Label Purposes Overlapping Drawing CHECK PASSED}} The GDS file, user_project_wrapper.gds, has no DRC violations.
{{STEP UPDATE}} Executing Check 14 of 14: Klayout ZeroArea
in CUSTOM klayout_gds_drc_check
run: klayout -b -r /home/hls05/mpw_precheck/checks/drc_checks/klayout/zeroarea.rb.drc -rd input=/home/hls05/caravel_user_project/gds/user_project_wrapper.gds -rd topcell=user_project_wrapper -rd report=/home/hls05/caravel_user_project/precheck_results/25_JAN_2023___14_48_39/outputs/reports/klayout_zeroarea_check.xml -rd cleaned_output=/home/hls05/caravel_user_project/precheck_results/25_JAN_2023___14_48_39/outputs/user_project_wrapper_no_zero_areas.gds >& /home/hls05/caravel_user_project/precheck_results/25_JAN_2023___14_48_39/logs/klayout_zeroarea_check.log
No DRC Violations found
{{Klayout ZeroArea CHECK PASSED}} The GDS file, user_project_wrapper.gds, has no DRC violations.
{{FINISH}} Executing Finished, the full log 'precheck.log' can be found in '/home/hls05/caravel_user_project/precheck_results/25_JAN_2023___14_48_39/logs'
{{SUCCESS}} All Checks Passed !!!
Generating LALR tables
WARNING: 183 shift/reduce conflicts